<?xml version="1.0" encoding="UTF-8"?>
<testsuite name="com.example.demo.ApiTest" tests="1" skipped="0" failures="0" errors="0" timestamp="2024-09-02T10:36:03" hostname="iseog-uns-Mac-mini.local" time="13.957">
  <properties/>
  <testcase name="LangFlow요청테스트()" classname="com.example.demo.ApiTest" time="13.957"/>
  <system-out><![CDATA[19:36:02.276 [Test worker] INFO org.springframework.test.context.support.AnnotationConfigContextLoaderUtils -- Could not detect default configuration classes for test class [com.example.demo.ApiTest]: ApiTest does not declare any static, non-private, non-final, nested classes annotated with @Configuration.
19:36:02.331 [Test worker] INFO org.springframework.boot.test.context.SpringBootTestContextBootstrapper -- Found @SpringBootConfiguration com.example.demo.DemoApplication for test class com.example.demo.ApiTest

  .   ____          _            __ _ _
 /\\ / ___'_ __ _ _(_)_ __  __ _ \ \ \ \
( ( )\___ | '_ | '_| | '_ \/ _` | \ \ \ \
 \\/  ___)| |_)| | | | | || (_| |  ) ) ) )
  '  |____| .__|_| |_|_| |_\__, | / / / /
 =========|_|==============|___/=/_/_/_/

 :: Spring Boot ::                (v3.3.3)

2024-09-02T19:36:02.507+09:00  INFO 20968 --- [demo] [    Test worker] com.example.demo.ApiTest                 : Starting ApiTest using Java 21.0.4 with PID 20968 (started by leeseokwoon in /Users/leeseokwoon/IdeaProjects/demo)
2024-09-02T19:36:02.508+09:00  INFO 20968 --- [demo] [    Test worker] com.example.demo.ApiTest                 : No active profile set, falling back to 1 default profile: "default"
2024-09-02T19:36:03.077+09:00  INFO 20968 --- [demo] [    Test worker] com.example.demo.ApiTest                 : Started ApiTest in 0.669 seconds (process running for 1.392)
Response: {"session_id":"9747b75f-9faa-443e-99cd-a3b6aede9056","outputs":[{"inputs":{"input_value":"message"},"outputs":[{"results":{"message":{"text_key":"text","data":{"text":"Arrrr, ye be wantin' to send a message, eh? Alright then, matey! Yer lookin' fer a way to get yer point across, savvy? Well, I be happy to help ye craft a message that'll make the seven seas take notice! What be the treasure ye want to convey?","sender":"Machine","sender_name":"AI","session_id":"9747b75f-9faa-443e-99cd-a3b6aede9056","files":[],"timestamp":"2024-09-02 10:36:16","flow_id":"9747b75f-9faa-443e-99cd-a3b6aede9056"},"default_value":"","text":"Arrrr, ye be wantin' to send a message, eh? Alright then, matey! Yer lookin' fer a way to get yer point across, savvy? Well, I be happy to help ye craft a message that'll make the seven seas take notice! What be the treasure ye want to convey?","sender":"Machine","sender_name":"AI","files":[],"session_id":"9747b75f-9faa-443e-99cd-a3b6aede9056","timestamp":"2024-09-02 10:36:16","flow_id":"9747b75f-9faa-443e-99cd-a3b6aede9056"}},"artifacts":{"message":"Arrrr, ye be wantin' to send a message, eh? Alright then, matey! Yer lookin' fer a way to get yer point across, savvy? Well, I be happy to help ye craft a message that'll make the seven seas take notice! What be the treasure ye want to convey?","sender":"Machine","sender_name":"AI","files":[],"type":"object"},"outputs":{"message":{"message":{"text":"Arrrr, ye be wantin' to send a message, eh? Alright then, matey! Yer lookin' fer a way to get yer point across, savvy? Well, I be happy to help ye craft a message that'll make the seven seas take notice! What be the treasure ye want to convey?","sender":"Machine","sender_name":"AI","session_id":"9747b75f-9faa-443e-99cd-a3b6aede9056","files":[],"timestamp":"2024-09-02 10:36:16","flow_id":"9747b75f-9faa-443e-99cd-a3b6aede9056"},"type":"object"}},"logs":{"message":[]},"messages":[{"message":"Arrrr, ye be wantin' to send a message, eh? Alright then, matey! Yer lookin' fer a way to get yer point across, savvy? Well, I be happy to help ye craft a message that'll make the seven seas take notice! What be the treasure ye want to convey?","sender":"Machine","sender_name":"AI","session_id":"9747b75f-9faa-443e-99cd-a3b6aede9056","component_id":"ChatOutput-3jjvm","files":[],"type":"message"}],"component_display_name":"Chat Output","component_id":"ChatOutput-3jjvm","used_frozen_result":false}]}]}
]]></system-out>
  <system-err><![CDATA[WARNING: A Java agent has been loaded dynamically (/Users/leeseokwoon/.gradle/caches/modules-2/files-2.1/net.bytebuddy/byte-buddy-agent/1.14.19/154da3a65b4f4a909d3e5bdec55d1b2b4cbb6ce1/byte-buddy-agent-1.14.19.jar)
WARNING: If a serviceability tool is in use, please run with -XX:+EnableDynamicAgentLoading to hide this warning
WARNING: If a serviceability tool is not in use, please run with -Djdk.instrument.traceUsage for more information
WARNING: Dynamic loading of agents will be disallowed by default in a future release
]]></system-err>
</testsuite>
